Analysis & Synthesis report for seg7led_key
Fri Apr 11 13:34:38 2025
Quartus II 64-Bit Version 13.0.1 Build 232 06/12/2013 Service Pack 1 SJ Full Version


---------------------
; Table of Contents ;
---------------------
  1. Legal Notice
  2. Analysis & Synthesis Summary
  3. Analysis & Synthesis Settings
  4. Parallel Compilation
  5. Analysis & Synthesis Source Files Read
  6. Analysis & Synthesis Resource Usage Summary
  7. Analysis & Synthesis Resource Utilization by Entity
  8. Registers Removed During Synthesis
  9. General Register Statistics
 10. Inverted Register Statistics
 11. Multiplexer Restructuring Statistics (Restructuring Performed)
 12. Elapsed Time Per Partition
 13. Analysis & Synthesis Messages



----------------
; Legal Notice ;
----------------
Copyright (C) 1991-2013 Altera Corporation
Your use of Altera Corporation's design tools, logic functions 
and other software and tools, and its AMPP partner logic 
functions, and any output files from any of the foregoing 
(including device programming or simulation files), and any 
associated documentation or information are expressly subject 
to the terms and conditions of the Altera Program License 
Subscription Agreement, Altera MegaCore Function License 
Agreement, or other applicable license agreement, including, 
without limitation, that your use is for the sole purpose of 
programming logic devices manufactured by Altera and sold by 
Altera or its authorized distributors.  Please refer to the 
applicable agreement for further details.



+---------------------------------------------------------------------------------------+
; Analysis & Synthesis Summary                                                          ;
+------------------------------------+--------------------------------------------------+
; Analysis & Synthesis Status        ; Successful - Fri Apr 11 13:34:38 2025            ;
; Quartus II 64-Bit Version          ; 13.0.1 Build 232 06/12/2013 SP 1 SJ Full Version ;
; Revision Name                      ; seg7led_key                                      ;
; Top-level Entity Name              ; seg7led_key                                      ;
; Family                             ; Cyclone IV E                                     ;
; Total logic elements               ; 469                                              ;
;     Total combinational functions  ; 468                                              ;
;     Dedicated logic registers      ; 232                                              ;
; Total registers                    ; 232                                              ;
; Total pins                         ; 18                                               ;
; Total virtual pins                 ; 0                                                ;
; Total memory bits                  ; 0                                                ;
; Embedded Multiplier 9-bit elements ; 0                                                ;
; Total PLLs                         ; 0                                                ;
+------------------------------------+--------------------------------------------------+


+----------------------------------------------------------------------------------------------------------------------+
; Analysis & Synthesis Settings                                                                                        ;
+----------------------------------------------------------------------------+--------------------+--------------------+
; Option                                                                     ; Setting            ; Default Value      ;
+----------------------------------------------------------------------------+--------------------+--------------------+
; Device                                                                     ; EP4CE6E22C8        ;                    ;
; Top-level entity name                                                      ; seg7led_key        ; seg7led_key        ;
; Family name                                                                ; Cyclone IV E       ; Cyclone IV GX      ;
; Use smart compilation                                                      ; Off                ; Off                ;
; Enable parallel Assembler and TimeQuest Timing Analyzer during compilation ; On                 ; On                 ;
; Enable compact report table                                                ; Off                ; Off                ;
; Restructure Multiplexers                                                   ; Auto               ; Auto               ;
; Create Debugging Nodes for IP Cores                                        ; Off                ; Off                ;
; Preserve fewer node names                                                  ; On                 ; On                 ;
; Disable OpenCore Plus hardware evaluation                                  ; Off                ; Off                ;
; Verilog Version                                                            ; Verilog_2001       ; Verilog_2001       ;
; VHDL Version                                                               ; VHDL_1993          ; VHDL_1993          ;
; State Machine Processing                                                   ; Auto               ; Auto               ;
; Safe State Machine                                                         ; Off                ; Off                ;
; Extract Verilog State Machines                                             ; On                 ; On                 ;
; Extract VHDL State Machines                                                ; On                 ; On                 ;
; Ignore Verilog initial constructs                                          ; Off                ; Off                ;
; Iteration limit for constant Verilog loops                                 ; 5000               ; 5000               ;
; Iteration limit for non-constant Verilog loops                             ; 250                ; 250                ;
; Add Pass-Through Logic to Inferred RAMs                                    ; On                 ; On                 ;
; Infer RAMs from Raw Logic                                                  ; On                 ; On                 ;
; Parallel Synthesis                                                         ; On                 ; On                 ;
; DSP Block Balancing                                                        ; Auto               ; Auto               ;
; NOT Gate Push-Back                                                         ; On                 ; On                 ;
; Power-Up Don't Care                                                        ; On                 ; On                 ;
; Remove Redundant Logic Cells                                               ; Off                ; Off                ;
; Remove Duplicate Registers                                                 ; On                 ; On                 ;
; Ignore CARRY Buffers                                                       ; Off                ; Off                ;
; Ignore CASCADE Buffers                                                     ; Off                ; Off                ;
; Ignore GLOBAL Buffers                                                      ; Off                ; Off                ;
; Ignore ROW GLOBAL Buffers                                                  ; Off                ; Off                ;
; Ignore LCELL Buffers                                                       ; Off                ; Off                ;
; Ignore SOFT Buffers                                                        ; On                 ; On                 ;
; Limit AHDL Integers to 32 Bits                                             ; Off                ; Off                ;
; Optimization Technique                                                     ; Balanced           ; Balanced           ;
; Carry Chain Length                                                         ; 70                 ; 70                 ;
; Auto Carry Chains                                                          ; On                 ; On                 ;
; Auto Open-Drain Pins                                                       ; On                 ; On                 ;
; Perform WYSIWYG Primitive Resynthesis                                      ; Off                ; Off                ;
; Auto ROM Replacement                                                       ; On                 ; On                 ;
; Auto RAM Replacement                                                       ; On                 ; On                 ;
; Auto DSP Block Replacement                                                 ; On                 ; On                 ;
; Auto Shift Register Replacement                                            ; Auto               ; Auto               ;
; Allow Shift Register Merging across Hierarchies                            ; Auto               ; Auto               ;
; Auto Clock Enable Replacement                                              ; On                 ; On                 ;
; Strict RAM Replacement                                                     ; Off                ; Off                ;
; Allow Synchronous Control Signals                                          ; On                 ; On                 ;
; Force Use of Synchronous Clear Signals                                     ; Off                ; Off                ;
; Auto RAM Block Balancing                                                   ; On                 ; On                 ;
; Auto RAM to Logic Cell Conversion                                          ; Off                ; Off                ;
; Auto Resource Sharing                                                      ; Off                ; Off                ;
; Allow Any RAM Size For Recognition                                         ; Off                ; Off                ;
; Allow Any ROM Size For Recognition                                         ; Off                ; Off                ;
; Allow Any Shift Register Size For Recognition                              ; Off                ; Off                ;
; Use LogicLock Constraints during Resource Balancing                        ; On                 ; On                 ;
; Ignore translate_off and synthesis_off directives                          ; Off                ; Off                ;
; Timing-Driven Synthesis                                                    ; On                 ; On                 ;
; Report Parameter Settings                                                  ; On                 ; On                 ;
; Report Source Assignments                                                  ; On                 ; On                 ;
; Report Connectivity Checks                                                 ; On                 ; On                 ;
; Ignore Maximum Fan-Out Assignments                                         ; Off                ; Off                ;
; Synchronization Register Chain Length                                      ; 2                  ; 2                  ;
; PowerPlay Power Optimization                                               ; Normal compilation ; Normal compilation ;
; HDL message level                                                          ; Level2             ; Level2             ;
; Suppress Register Optimization Related Messages                            ; Off                ; Off                ;
; Number of Removed Registers Reported in Synthesis Report                   ; 5000               ; 5000               ;
; Number of Swept Nodes Reported in Synthesis Report                         ; 5000               ; 5000               ;
; Number of Inverted Registers Reported in Synthesis Report                  ; 100                ; 100                ;
; Clock MUX Protection                                                       ; On                 ; On                 ;
; Auto Gated Clock Conversion                                                ; Off                ; Off                ;
; Block Design Naming                                                        ; Auto               ; Auto               ;
; SDC constraint protection                                                  ; Off                ; Off                ;
; Synthesis Effort                                                           ; Auto               ; Auto               ;
; Shift Register Replacement - Allow Asynchronous Clear Signal               ; On                 ; On                 ;
; Pre-Mapping Resynthesis Optimization                                       ; Off                ; Off                ;
; Analysis & Synthesis Message Level                                         ; Medium             ; Medium             ;
; Disable Register Merging Across Hierarchies                                ; Auto               ; Auto               ;
; Resource Aware Inference For Block RAM                                     ; On                 ; On                 ;
; Synthesis Seed                                                             ; 1                  ; 1                  ;
+----------------------------------------------------------------------------+--------------------+--------------------+


+------------------------------------------+
; Parallel Compilation                     ;
+----------------------------+-------------+
; Processors                 ; Number      ;
+----------------------------+-------------+
; Number detected on machine ; 16          ;
; Maximum allowed            ; 12          ;
;                            ;             ;
; Average used               ; 1.00        ;
; Maximum used               ; 2           ;
;                            ;             ;
; Usage by Processor         ; % Time Used ;
;     Processor 1            ; 100.0%      ;
;     Processor 2            ; < 0.1%      ;
;     Processors 3-16        ;   0.0%      ;
+----------------------------+-------------+


+--------------------------------------------------------------------------------------------------------------------------------------------+
; Analysis & Synthesis Source Files Read                                                                                                     ;
+----------------------------------+-----------------+-----------------+-----------------------------------------------------------+---------+
; File Name with User-Entered Path ; Used in Netlist ; File Type       ; File Name with Absolute Path                              ; Library ;
+----------------------------------+-----------------+-----------------+-----------------------------------------------------------+---------+
; seg7led_key.vhd                  ; yes             ; User VHDL File  ; D:/quartus/quartus/quartusproject/settime/seg7led_key.vhd ;         ;
; keyfilt.vhd                      ; yes             ; User VHDL File  ; D:/quartus/quartus/quartusproject/settime/keyfilt.vhd     ;         ;
+----------------------------------+-----------------+-----------------+-----------------------------------------------------------+---------+


+---------------------------------------------------------+
; Analysis & Synthesis Resource Usage Summary             ;
+---------------------------------------------+-----------+
; Resource                                    ; Usage     ;
+---------------------------------------------+-----------+
; Estimated Total logic elements              ; 469       ;
;                                             ;           ;
; Total combinational functions               ; 468       ;
; Logic element usage by number of LUT inputs ;           ;
;     -- 4 input functions                    ; 193       ;
;     -- 3 input functions                    ; 43        ;
;     -- <=2 input functions                  ; 232       ;
;                                             ;           ;
; Logic elements by mode                      ;           ;
;     -- normal mode                          ; 286       ;
;     -- arithmetic mode                      ; 182       ;
;                                             ;           ;
; Total registers                             ; 232       ;
;     -- Dedicated logic registers            ; 232       ;
;     -- I/O registers                        ; 0         ;
;                                             ;           ;
; I/O pins                                    ; 18        ;
; Embedded Multiplier 9-bit elements          ; 0         ;
; Maximum fan-out node                        ; clk~input ;
; Maximum fan-out                             ; 197       ;
; Total fan-out                               ; 2068      ;
; Average fan-out                             ; 2.81      ;
+---------------------------------------------+-----------+


+---------------------------------------------------------------------------------------------------------------------------------------------------------------------------------------+
; Analysis & Synthesis Resource Utilization by Entity                                                                                                                                   ;
+----------------------------+-------------------+--------------+-------------+--------------+---------+-----------+------+--------------+-------------------------------+--------------+
; Compilation Hierarchy Node ; LC Combinationals ; LC Registers ; Memory Bits ; DSP Elements ; DSP 9x9 ; DSP 18x18 ; Pins ; Virtual Pins ; Full Hierarchy Name           ; Library Name ;
+----------------------------+-------------------+--------------+-------------+--------------+---------+-----------+------+--------------+-------------------------------+--------------+
; |seg7led_key               ; 468 (300)         ; 232 (112)    ; 0           ; 0            ; 0       ; 0         ; 18   ; 0            ; |seg7led_key                  ; work         ;
;    |keyfilt:akeyfilt|      ; 168 (168)         ; 120 (120)    ; 0           ; 0            ; 0       ; 0         ; 0    ; 0            ; |seg7led_key|keyfilt:akeyfilt ; work         ;
+----------------------------+-------------------+--------------+-------------+--------------+---------+-----------+------+--------------+-------------------------------+--------------+
Note: For table entries with two numbers listed, the numbers in parentheses indicate the number of resources of the given type used by the specific entity alone. The numbers listed outside of parentheses indicate the total resources of the given type used by the specific entity and all of its sub-entities in the hierarchy.


+-------------------------------------------------------------+
; Registers Removed During Synthesis                          ;
+----------------------------------------+--------------------+
; Register name                          ; Reason for Removal ;
+----------------------------------------+--------------------+
; clkcnt[17..30]                         ; Lost fanout        ;
; Total Number of Removed Registers = 14 ;                    ;
+----------------------------------------+--------------------+


+------------------------------------------------------+
; General Register Statistics                          ;
+----------------------------------------------+-------+
; Statistic                                    ; Value ;
+----------------------------------------------+-------+
; Total registers                              ; 232   ;
; Number of registers using Synchronous Clear  ; 175   ;
; Number of registers using Synchronous Load   ; 0     ;
; Number of registers using Asynchronous Clear ; 32    ;
; Number of registers using Asynchronous Load  ; 0     ;
; Number of registers using Clock Enable       ; 11    ;
; Number of registers using Preset             ; 0     ;
+----------------------------------------------+-------+


+--------------------------------------------------+
; Inverted Register Statistics                     ;
+----------------------------------------+---------+
; Inverted Register                      ; Fan out ;
+----------------------------------------+---------+
; pled2                                  ; 2       ;
; Total number of inverted registers = 1 ;         ;
+----------------------------------------+---------+


+------------------------------------------------------------------------------------------------------------------------------------------------------------+
; Multiplexer Restructuring Statistics (Restructuring Performed)                                                                                             ;
+--------------------+-----------+---------------+----------------------+------------------------+------------+----------------------------------------------+
; Multiplexer Inputs ; Bus Width ; Baseline Area ; Area if Restructured ; Saving if Restructured ; Registered ; Example Multiplexer Output                   ;
+--------------------+-----------+---------------+----------------------+------------------------+------------+----------------------------------------------+
; 3:1                ; 25 bits   ; 50 LEs        ; 25 LEs               ; 25 LEs                 ; Yes        ; |seg7led_key|a[21]                           ;
; 3:1                ; 29 bits   ; 58 LEs        ; 29 LEs               ; 29 LEs                 ; Yes        ; |seg7led_key|keyfilt:akeyfilt|keymincnt[2]   ;
; 3:1                ; 29 bits   ; 58 LEs        ; 29 LEs               ; 29 LEs                 ; Yes        ; |seg7led_key|keyfilt:akeyfilt|keyseccnt[8]   ;
; 3:1                ; 29 bits   ; 58 LEs        ; 29 LEs               ; 29 LEs                 ; Yes        ; |seg7led_key|keyfilt:akeyfilt|keysetcnt[28]  ;
; 3:1                ; 29 bits   ; 58 LEs        ; 29 LEs               ; 29 LEs                 ; Yes        ; |seg7led_key|keyfilt:akeyfilt|keypausecnt[3] ;
; 3:1                ; 4 bits    ; 8 LEs         ; 4 LEs                ; 4 LEs                  ; Yes        ; |seg7led_key|bcddata1[15]                    ;
; 3:1                ; 4 bits    ; 8 LEs         ; 4 LEs                ; 4 LEs                  ; Yes        ; |seg7led_key|bcddata1[10]                    ;
; 3:1                ; 4 bits    ; 8 LEs         ; 4 LEs                ; 4 LEs                  ; Yes        ; |seg7led_key|bcddata1[7]                     ;
; 3:1                ; 4 bits    ; 8 LEs         ; 4 LEs                ; 4 LEs                  ; Yes        ; |seg7led_key|bcddata1[0]                     ;
; 3:1                ; 4 bits    ; 8 LEs         ; 4 LEs                ; 4 LEs                  ; Yes        ; |seg7led_key|bcddata[12]                     ;
; 4:1                ; 4 bits    ; 8 LEs         ; 4 LEs                ; 4 LEs                  ; Yes        ; |seg7led_key|bcddata[8]                      ;
; 5:1                ; 4 bits    ; 12 LEs        ; 4 LEs                ; 8 LEs                  ; Yes        ; |seg7led_key|bcddata[4]                      ;
; 5:1                ; 4 bits    ; 12 LEs        ; 4 LEs                ; 8 LEs                  ; Yes        ; |seg7led_key|bcddata[0]                      ;
; 8:1                ; 4 bits    ; 20 LEs        ; 20 LEs               ; 0 LEs                  ; No         ; |seg7led_key|bcd_led[0]                      ;
+--------------------+-----------+---------------+----------------------+------------------------+------------+----------------------------------------------+


+-------------------------------+
; Elapsed Time Per Partition    ;
+----------------+--------------+
; Partition Name ; Elapsed Time ;
+----------------+--------------+
; Top            ; 00:00:00     ;
+----------------+--------------+


+-------------------------------+
; Analysis & Synthesis Messages ;
+-------------------------------+
Info: *******************************************************************
Info: Running Quartus II 64-Bit Analysis & Synthesis
    Info: Version 13.0.1 Build 232 06/12/2013 Service Pack 1 SJ Full Version
    Info: Processing started: Fri Apr 11 13:34:37 2025
Info: Command: quartus_map --read_settings_files=on --write_settings_files=off seg7led_key -c seg7led_key
Info (11104): Parallel Compilation has detected 16 hyper-threaded processors. However, the extra hyper-threaded processors will not be used by default. Parallel Compilation will use 12 of the 12 physical processors detected instead.
Info (12021): Found 2 design units, including 1 entities, in source file seg7led_key.vhd
    Info (12022): Found design unit 1: seg7led_key-behav
    Info (12023): Found entity 1: seg7led_key
Info (12021): Found 2 design units, including 1 entities, in source file keyfilt.vhd
    Info (12022): Found design unit 1: keyfilt-behavioral
    Info (12023): Found entity 1: keyfilt
Info (12127): Elaborating entity "seg7led_key" for the top level hierarchy
Warning (10492): VHDL Process Statement warning at seg7led_key.vhd(98): signal "keysetfilt" is read inside the Process Statement but isn't in the Process Statement's sensitivity list
Warning (10492): VHDL Process Statement warning at seg7led_key.vhd(121): signal "q" is read inside the Process Statement but isn't in the Process Statement's sensitivity list
Warning (10492): VHDL Process Statement warning at seg7led_key.vhd(129): signal "mode" is read inside the Process Statement but isn't in the Process Statement's sensitivity list
Warning (10492): VHDL Process Statement warning at seg7led_key.vhd(187): signal "mode" is read inside the Process Statement but isn't in the Process Statement's sensitivity list
Warning (10492): VHDL Process Statement warning at seg7led_key.vhd(188): signal "bcddata1" is read inside the Process Statement but isn't in the Process Statement's sensitivity list
Warning (10492): VHDL Process Statement warning at seg7led_key.vhd(190): signal "bcddata" is read inside the Process Statement but isn't in the Process Statement's sensitivity list
Warning (10492): VHDL Process Statement warning at seg7led_key.vhd(199): signal "mode" is read inside the Process Statement but isn't in the Process Statement's sensitivity list
Warning (10492): VHDL Process Statement warning at seg7led_key.vhd(201): signal "bcddata" is read inside the Process Statement but isn't in the Process Statement's sensitivity list
Warning (10492): VHDL Process Statement warning at seg7led_key.vhd(204): signal "bcddata" is read inside the Process Statement but isn't in the Process Statement's sensitivity list
Warning (10492): VHDL Process Statement warning at seg7led_key.vhd(207): signal "bcddata" is read inside the Process Statement but isn't in the Process Statement's sensitivity list
Warning (10492): VHDL Process Statement warning at seg7led_key.vhd(209): signal "clk_1Hz" is read inside the Process Statement but isn't in the Process Statement's sensitivity list
Warning (10492): VHDL Process Statement warning at seg7led_key.vhd(210): signal "bcddata" is read inside the Process Statement but isn't in the Process Statement's sensitivity list
Warning (10492): VHDL Process Statement warning at seg7led_key.vhd(217): signal "bcddata1" is read inside the Process Statement but isn't in the Process Statement's sensitivity list
Warning (10492): VHDL Process Statement warning at seg7led_key.vhd(220): signal "bcddata1" is read inside the Process Statement but isn't in the Process Statement's sensitivity list
Warning (10492): VHDL Process Statement warning at seg7led_key.vhd(223): signal "bcddata1" is read inside the Process Statement but isn't in the Process Statement's sensitivity list
Warning (10492): VHDL Process Statement warning at seg7led_key.vhd(225): signal "clk_1Hz" is read inside the Process Statement but isn't in the Process Statement's sensitivity list
Warning (10492): VHDL Process Statement warning at seg7led_key.vhd(226): signal "bcddata1" is read inside the Process Statement but isn't in the Process Statement's sensitivity list
Info (12128): Elaborating entity "keyfilt" for hierarchy "keyfilt:akeyfilt"
Warning (13004): Presettable and clearable registers converted to equivalent circuits with latches. Registers power-up to an undefined state, and DEVCLRn places the registers in an undefined state.
    Warning (13310): Register "bcddata[8]" is converted into an equivalent circuit using register "bcddata[8]~_emulated" and latch "bcddata[8]~1"
    Warning (13310): Register "bcddata[4]" is converted into an equivalent circuit using register "bcddata[4]~_emulated" and latch "bcddata[4]~6"
    Warning (13310): Register "bcddata[0]" is converted into an equivalent circuit using register "bcddata[0]~_emulated" and latch "bcddata[0]~11"
    Warning (13310): Register "bcddata[12]" is converted into an equivalent circuit using register "bcddata[12]~_emulated" and latch "bcddata[12]~16"
    Warning (13310): Register "bcddata1[4]" is converted into an equivalent circuit using register "bcddata1[4]~_emulated" and latch "bcddata1[4]~1"
    Warning (13310): Register "bcddata1[8]" is converted into an equivalent circuit using register "bcddata1[8]~_emulated" and latch "bcddata1[8]~5"
    Warning (13310): Register "bcddata1[0]" is converted into an equivalent circuit using register "bcddata1[0]~_emulated" and latch "bcddata1[0]~9"
    Warning (13310): Register "bcddata1[12]" is converted into an equivalent circuit using register "bcddata1[12]~_emulated" and latch "bcddata1[12]~13"
    Warning (13310): Register "bcddata[9]" is converted into an equivalent circuit using register "bcddata[9]~_emulated" and latch "bcddata[9]~21"
    Warning (13310): Register "bcddata[5]" is converted into an equivalent circuit using register "bcddata[5]~_emulated" and latch "bcddata[5]~26"
    Warning (13310): Register "bcddata[1]" is converted into an equivalent circuit using register "bcddata[1]~_emulated" and latch "bcddata[1]~31"
    Warning (13310): Register "bcddata[13]" is converted into an equivalent circuit using register "bcddata[13]~_emulated" and latch "bcddata[13]~36"
    Warning (13310): Register "bcddata1[5]" is converted into an equivalent circuit using register "bcddata1[5]~_emulated" and latch "bcddata1[5]~17"
    Warning (13310): Register "bcddata1[9]" is converted into an equivalent circuit using register "bcddata1[9]~_emulated" and latch "bcddata1[9]~21"
    Warning (13310): Register "bcddata1[1]" is converted into an equivalent circuit using register "bcddata1[1]~_emulated" and latch "bcddata1[1]~25"
    Warning (13310): Register "bcddata1[13]" is converted into an equivalent circuit using register "bcddata1[13]~_emulated" and latch "bcddata1[13]~29"
    Warning (13310): Register "bcddata[10]" is converted into an equivalent circuit using register "bcddata[10]~_emulated" and latch "bcddata[10]~41"
    Warning (13310): Register "bcddata[6]" is converted into an equivalent circuit using register "bcddata[6]~_emulated" and latch "bcddata[6]~46"
    Warning (13310): Register "bcddata[2]" is converted into an equivalent circuit using register "bcddata[2]~_emulated" and latch "bcddata[2]~51"
    Warning (13310): Register "bcddata[14]" is converted into an equivalent circuit using register "bcddata[14]~_emulated" and latch "bcddata[14]~56"
    Warning (13310): Register "bcddata1[6]" is converted into an equivalent circuit using register "bcddata1[6]~_emulated" and latch "bcddata1[6]~33"
    Warning (13310): Register "bcddata1[10]" is converted into an equivalent circuit using register "bcddata1[10]~_emulated" and latch "bcddata1[10]~37"
    Warning (13310): Register "bcddata1[2]" is converted into an equivalent circuit using register "bcddata1[2]~_emulated" and latch "bcddata1[2]~41"
    Warning (13310): Register "bcddata1[14]" is converted into an equivalent circuit using register "bcddata1[14]~_emulated" and latch "bcddata1[14]~45"
    Warning (13310): Register "bcddata[11]" is converted into an equivalent circuit using register "bcddata[11]~_emulated" and latch "bcddata[11]~61"
    Warning (13310): Register "bcddata[7]" is converted into an equivalent circuit using register "bcddata[7]~_emulated" and latch "bcddata[7]~66"
    Warning (13310): Register "bcddata[3]" is converted into an equivalent circuit using register "bcddata[3]~_emulated" and latch "bcddata[3]~71"
    Warning (13310): Register "bcddata[15]" is converted into an equivalent circuit using register "bcddata[15]~_emulated" and latch "bcddata[15]~76"
    Warning (13310): Register "bcddata1[7]" is converted into an equivalent circuit using register "bcddata1[7]~_emulated" and latch "bcddata1[7]~49"
    Warning (13310): Register "bcddata1[11]" is converted into an equivalent circuit using register "bcddata1[11]~_emulated" and latch "bcddata1[11]~53"
    Warning (13310): Register "bcddata1[3]" is converted into an equivalent circuit using register "bcddata1[3]~_emulated" and latch "bcddata1[3]~57"
    Warning (13310): Register "bcddata1[15]" is converted into an equivalent circuit using register "bcddata1[15]~_emulated" and latch "bcddata1[15]~61"
Info (286030): Timing-Driven Synthesis is running
Info (17049): 14 registers lost all their fanouts during netlist optimizations.
Info (16010): Generating hard_block partition "hard_block:auto_generated_inst"
    Info (16011): Adding 0 node(s), including 0 DDIO, 0 PLL, 0 transceiver and 0 LCELL
Info (21057): Implemented 487 device resources after synthesis - the final resource count might be different
    Info (21058): Implemented 5 input pins
    Info (21059): Implemented 13 output pins
    Info (21061): Implemented 469 logic cells
Info: Quartus II 64-Bit Analysis & Synthesis was successful. 0 errors, 50 warnings
    Info: Peak virtual memory: 4674 megabytes
    Info: Processing ended: Fri Apr 11 13:34:38 2025
    Info: Elapsed time: 00:00:01
    Info: Total CPU time (on all processors): 00:00:01


